<?xml version="1.0" encoding="UTF-8"?>
<!-- Generated by org.testng.reporters.JUnitReportReporter -->
<testsuite hostname="NIT-LPT-R316" failures="0" tests="3" name="com.qa.tests.HomeTest" time="56.572" errors="0" timestamp="2021-07-31T15:27:26 IST" skipped="0">
  <testcase classname="com.qa.tests.HomeTest" name="VerifyTitle" time="24.685"/>
  <system-out/>
  <testcase classname="com.qa.tests.HomeTest" name="VerifyTitle" time="3.864"/>
  <system-out/>
  <testcase classname="com.qa.tests.HomeTest" name="VerifyTitle" time="28.023"/>
  <system-out/>
</testsuite> <!-- com.qa.tests.HomeTest -->
